Using pre-set license
Built from '2020.3/staging' branch; Version is '2020.3.11f1 (99c7afb366b3) revision 10078127'; Using compiler version '192528614'; Build Type 'Release'
OS: 'Windows 10 Home; OS build 19042.1052; Version 2009; 64bit' Language: 'pl' Physical Memory: 16289 MB
BatchMode: 1, IsHumanControllingUs: 0, StartBugReporterOnCrash: 0, Is64bit: 1, IsPro: 0

 COMMAND LINE ARGUMENTS:
C:\Program Files\Unity\Hub\Editor\2020.3.11f1\Editor\Unity.exe
-adb2
-batchMode
-noUpm
-name
AssetImportWorker0
-projectPath
C:/Users/darek/Desktop/Rock, Paper and Scissors
-logFile
Logs/AssetImportWorker0.log
-srvPort
63276
Successfully changed project path to: C:/Users/darek/Desktop/Rock, Paper and Scissors
C:/Users/darek/Desktop/Rock, Paper and Scissors
Using Asset Import Pipeline V2.
Refreshing native plugins compatible for Editor in 33.09 ms, found 3 plugins.
Preloading 0 native plugins for Editor in 0.00 ms.
Initialize engine version: 2020.3.11f1 (99c7afb366b3)
[Subsystems] Discovering subsystems at path C:/Program Files/Unity/Hub/Editor/2020.3.11f1/Editor/Data/Resources/UnitySubsystems
[Subsystems] Discovering subsystems at path C:/Users/darek/Desktop/Rock, Paper and Scissors/Assets
GfxDevice: creating device client; threaded=0
Direct3D:
    Version:  Direct3D 11.0 [level 11.1]
    Renderer: NVIDIA GeForce GTX 1060 6GB (ID=0x1b83)
    Vendor:   
    VRAM:     6052 MB
    Driver:   27.21.14.6647
Initialize mono
Mono path[0] = 'C:/Program Files/Unity/Hub/Editor/2020.3.11f1/Editor/Data/Managed'
Mono path[1] = 'C:/Program Files/Unity/Hub/Editor/2020.3.11f1/Editor/Data/MonoBleedingEdge/lib/mono/unityjit'
Mono config path = 'C:/Program Files/Unity/Hub/Editor/2020.3.11f1/Editor/Data/MonoBleedingEdge/etc'
Using monoOptions --debugger-agent=transport=dt_socket,embedding=1,server=y,suspend=n,address=127.0.0.1:56172
Begin MonoManager ReloadAssembly
Registering precompiled unity dll's ...
Register platform support module: C:/Program Files/Unity/Hub/Editor/2020.3.11f1/Editor/Data/PlaybackEngines/WindowsStandaloneSupport/UnityEditor.WindowsStandalone.Extensions.dll
Registered in 0.001711 seconds.
Native extension for WindowsStandalone target not found
Refreshing native plugins compatible for Editor in 34.25 ms, found 3 plugins.
Preloading 0 native plugins for Editor in 0.00 ms.
Mono: successfully reloaded assembly
- Completed reload, in  1.023 seconds
Platform modules already initialized, skipping
Registering precompiled user dll's ...
Registered in 0.003499 seconds.
Begin MonoManager ReloadAssembly
Native extension for WindowsStandalone target not found
Refreshing native plugins compatible for Editor in 34.05 ms, found 3 plugins.
Preloading 0 native plugins for Editor in 0.00 ms.
Mono: successfully reloaded assembly
- Completed reload, in  1.034 seconds
Platform modules already initialized, skipping
========================================================================
Worker process is ready to serve import requests
Launched and connected shader compiler UnityShaderCompiler.exe after 0.03 seconds
Refreshing native plugins compatible for Editor in 0.46 ms, found 3 plugins.
Preloading 0 native plugins for Editor in 0.00 ms.
Unloading 2080 Unused Serialized files (Serialized files now loaded: 0)
System memory in use before: 92.8 MB.
System memory in use after: 92.8 MB.

Unloading 33 unused Assets to reduce memory usage. Loaded Objects now: 2513.
Total: 1.976800 ms (FindLiveObjects: 0.185500 ms CreateObjectMapping: 0.065300 ms MarkObjects: 1.617600 ms  DeleteObjects: 0.107700 ms)

========================================================================
Received Import Request.
  path: Assets
  artifactKey: Guid(00000000000000001000000000000000) Importer(815301076,1909f56bfc062723c751e8b465ee728b)
Start importing Assets using Guid(00000000000000001000000000000000) Importer(815301076,1909f56bfc062723c751e8b465ee728b)  -> (artifact id: '42d402b061de3733987d63b9cc3b64de') in 0.008160 seconds
  Import took 0.010828 seconds .

========================================================================
Received Import Request.
  Time since last request: 0.000278 seconds.
  path: Assets/Scenes
  artifactKey: Guid(3369ff86ba3869b45941f1b33a9d52cf) Importer(815301076,1909f56bfc062723c751e8b465ee728b)
Start importing Assets/Scenes using Guid(3369ff86ba3869b45941f1b33a9d52cf) Importer(815301076,1909f56bfc062723c751e8b465ee728b)  -> (artifact id: 'd6153bc1b2b8cc0316a003548b993188') in 0.005413 seconds
  Import took 0.008073 seconds .

========================================================================
Received Import Request.
  Time since last request: 2.312244 seconds.
  path: Assets/Scripts
  artifactKey: Guid(27d8ce248f6f3014a96094bfd8bf7cef) Importer(815301076,1909f56bfc062723c751e8b465ee728b)
Start importing Assets/Scripts using Guid(27d8ce248f6f3014a96094bfd8bf7cef) Importer(815301076,1909f56bfc062723c751e8b465ee728b)  -> (artifact id: '825728e3c011f1389e6cd2e8b0192c1d') in 0.007509 seconds
  Import took 0.011362 seconds .

========================================================================
Received Import Request.
  Time since last request: 0.003190 seconds.
  path: Assets/Scripts
  artifactKey: Guid(27d8ce248f6f3014a96094bfd8bf7cef) Importer(815301076,1909f56bfc062723c751e8b465ee728b)
Start importing Assets/Scripts using Guid(27d8ce248f6f3014a96094bfd8bf7cef) Importer(815301076,1909f56bfc062723c751e8b465ee728b)  -> (artifact id: '825728e3c011f1389e6cd2e8b0192c1d') in 0.002113 seconds
  Import took 0.004768 seconds .

========================================================================
Received Import Request.
  Time since last request: 60.872299 seconds.
  path: Assets/Scenes/Menu.unity
  artifactKey: Guid(cbbd3270c1a9fc149aaf448ff82de3b2) Importer(815301076,1909f56bfc062723c751e8b465ee728b)
Start importing Assets/Scenes/Menu.unity using Guid(cbbd3270c1a9fc149aaf448ff82de3b2) Importer(815301076,1909f56bfc062723c751e8b465ee728b)  -> (artifact id: 'c926153925a1f5e85c087f36c0513e89') in 0.014119 seconds
  Import took 0.016836 seconds .

========================================================================
Received Import Request.
  Time since last request: 0.655856 seconds.
  path: Assets/Scenes/SampleScene.unity
  artifactKey: Guid(2cda990e2423bbf4892e6590ba056729) Importer(815301076,1909f56bfc062723c751e8b465ee728b)
Start importing Assets/Scenes/SampleScene.unity using Guid(2cda990e2423bbf4892e6590ba056729) Importer(815301076,1909f56bfc062723c751e8b465ee728b)  -> (artifact id: 'aa27944bdea339c97c39027c7eea529c') in 0.006711 seconds
  Import took 0.009708 seconds .

========================================================================
Received Import Request.
  Time since last request: 0.000880 seconds.
  path: Assets/Scenes/SampleScene.unity
  artifactKey: Guid(2cda990e2423bbf4892e6590ba056729) Importer(815301076,1909f56bfc062723c751e8b465ee728b)
Start importing Assets/Scenes/SampleScene.unity using Guid(2cda990e2423bbf4892e6590ba056729) Importer(815301076,1909f56bfc062723c751e8b465ee728b)  -> (artifact id: 'aa27944bdea339c97c39027c7eea529c') in 0.002302 seconds
  Import took 0.004986 seconds .

========================================================================
Received Import Request.
  Time since last request: 32.310990 seconds.
  path: Assets/Scenes/Game.unity
  artifactKey: Guid(ab0f8f45d15f84f4bbbeebad15dd47d4) Importer(815301076,1909f56bfc062723c751e8b465ee728b)
Start importing Assets/Scenes/Game.unity using Guid(ab0f8f45d15f84f4bbbeebad15dd47d4) Importer(815301076,1909f56bfc062723c751e8b465ee728b)  -> (artifact id: '1211db6bbde8e1e003e254dec30dbe06') in 0.006638 seconds
  Import took 0.010077 seconds .

========================================================================
Received Import Request.
  Time since last request: 0.001014 seconds.
  path: Assets/Scenes/Game.unity
  artifactKey: Guid(ab0f8f45d15f84f4bbbeebad15dd47d4) Importer(815301076,1909f56bfc062723c751e8b465ee728b)
Start importing Assets/Scenes/Game.unity using Guid(ab0f8f45d15f84f4bbbeebad15dd47d4) Importer(815301076,1909f56bfc062723c751e8b465ee728b)  -> (artifact id: '1211db6bbde8e1e003e254dec30dbe06') in 0.002528 seconds
  Import took 0.005447 seconds .

========================================================================
Received Import Request.
  Time since last request: 83.421399 seconds.
  path: Assets/Scenes/Menu.unity
  artifactKey: Guid(cbbd3270c1a9fc149aaf448ff82de3b2) Importer(815301076,1909f56bfc062723c751e8b465ee728b)
Start importing Assets/Scenes/Menu.unity using Guid(cbbd3270c1a9fc149aaf448ff82de3b2) Importer(815301076,1909f56bfc062723c751e8b465ee728b)  -> (artifact id: 'c7ce29e20264bdf0f71aa846cdce87ba') in 0.003812 seconds
  Import took 0.008228 seconds .

========================================================================
Received Import Request.
  Time since last request: 0.000552 seconds.
  path: Assets/Scenes/Menu.unity
  artifactKey: Guid(cbbd3270c1a9fc149aaf448ff82de3b2) Importer(815301076,1909f56bfc062723c751e8b465ee728b)
Start importing Assets/Scenes/Menu.unity using Guid(cbbd3270c1a9fc149aaf448ff82de3b2) Importer(815301076,1909f56bfc062723c751e8b465ee728b)  -> (artifact id: 'c7ce29e20264bdf0f71aa846cdce87ba') in 0.002035 seconds
  Import took 0.004737 seconds .

========================================================================
Received Import Request.
  Time since last request: 12.100424 seconds.
  path: Assets/Scripts/MenuScript.cs
  artifactKey: Guid(afe5dd2c8934d2a4fbd2a7cf4d28a35d) Importer(815301076,1909f56bfc062723c751e8b465ee728b)
Start importing Assets/Scripts/MenuScript.cs using Guid(afe5dd2c8934d2a4fbd2a7cf4d28a35d) Importer(815301076,1909f56bfc062723c751e8b465ee728b)  -> (artifact id: 'e269b6c2e711b40fe7fc28ea4d5b9588') in 0.023696 seconds
  Import took 0.027801 seconds .

========================================================================
Received Import Request.
  Time since last request: 0.000222 seconds.
  path: Assets/Scripts/MenuScript.cs
  artifactKey: Guid(afe5dd2c8934d2a4fbd2a7cf4d28a35d) Importer(815301076,1909f56bfc062723c751e8b465ee728b)
Start importing Assets/Scripts/MenuScript.cs using Guid(afe5dd2c8934d2a4fbd2a7cf4d28a35d) Importer(815301076,1909f56bfc062723c751e8b465ee728b)  -> (artifact id: 'e269b6c2e711b40fe7fc28ea4d5b9588') in 0.005098 seconds
  Import took 0.013086 seconds .

========================================================================
Received Prepare
Registering precompiled user dll's ...
Registered in 0.003425 seconds.
Begin MonoManager ReloadAssembly
Native extension for WindowsStandalone target not found
Refreshing native plugins compatible for Editor in 0.45 ms, found 3 plugins.
Preloading 0 native plugins for Editor in 0.00 ms.
Mono: successfully reloaded assembly
- Completed reload, in  0.968 seconds
Platform modules already initialized, skipping
Script is not up to date after domain reload: guid(915eed1e704ab424fb9268a544638ff7) path("Assets/Scripts/NewBehaviourScript.cs") state(2)
Refreshing native plugins compatible for Editor in 0.38 ms, found 3 plugins.
Preloading 0 native plugins for Editor in 0.00 ms.
Unloading 2076 Unused Serialized files (Serialized files now loaded: 0)
System memory in use before: 92.8 MB.
System memory in use after: 92.8 MB.

Unloading 21 unused Assets to reduce memory usage. Loaded Objects now: 2518.
Total: 2.138800 ms (FindLiveObjects: 0.214400 ms CreateObjectMapping: 0.077800 ms MarkObjects: 1.758900 ms  DeleteObjects: 0.086400 ms)

========================================================================
Received Import Request.
  Time since last request: 5.390180 seconds.
  path: Assets/Scripts/NewBehaviourScript.cs
  artifactKey: Guid(915eed1e704ab424fb9268a544638ff7) Importer(815301076,1909f56bfc062723c751e8b465ee728b)
Start importing Assets/Scripts/NewBehaviourScript.cs using Guid(915eed1e704ab424fb9268a544638ff7) Importer(815301076,1909f56bfc062723c751e8b465ee728b)  -> (artifact id: 'c0821d3ca07deab77ccd07db81480019') in 0.008347 seconds
  Import took 0.011269 seconds .

========================================================================
Received Prepare
Registering precompiled user dll's ...
Registered in 0.003848 seconds.
Begin MonoManager ReloadAssembly
Native extension for WindowsStandalone target not found
Refreshing native plugins compatible for Editor in 0.39 ms, found 3 plugins.
Preloading 0 native plugins for Editor in 0.00 ms.
Mono: successfully reloaded assembly
- Completed reload, in  0.917 seconds
Platform modules already initialized, skipping
Refreshing native plugins compatible for Editor in 0.49 ms, found 3 plugins.
Preloading 0 native plugins for Editor in 0.00 ms.
Unloading 2077 Unused Serialized files (Serialized files now loaded: 0)
System memory in use before: 92.9 MB.
System memory in use after: 92.9 MB.

Unloading 21 unused Assets to reduce memory usage. Loaded Objects now: 2523.
Total: 1.917300 ms (FindLiveObjects: 0.213600 ms CreateObjectMapping: 0.072300 ms MarkObjects: 1.545200 ms  DeleteObjects: 0.085100 ms)

========================================================================
Received Prepare
Registering precompiled user dll's ...
Registered in 0.004090 seconds.
Begin MonoManager ReloadAssembly
Native extension for WindowsStandalone target not found
Refreshing native plugins compatible for Editor in 0.74 ms, found 3 plugins.
Preloading 0 native plugins for Editor in 0.00 ms.
Mono: successfully reloaded assembly
- Completed reload, in  0.932 seconds
Platform modules already initialized, skipping
Refreshing native plugins compatible for Editor in 1.06 ms, found 3 plugins.
Preloading 0 native plugins for Editor in 0.00 ms.
Unloading 2076 Unused Serialized files (Serialized files now loaded: 0)
System memory in use before: 92.9 MB.
System memory in use after: 92.9 MB.

Unloading 22 unused Assets to reduce memory usage. Loaded Objects now: 2526.
Total: 2.486900 ms (FindLiveObjects: 0.243200 ms CreateObjectMapping: 0.087400 ms MarkObjects: 2.024900 ms  DeleteObjects: 0.130300 ms)

========================================================================
Received Import Request.
  Time since last request: 52.288626 seconds.
  path: Assets/Scripts/GameScript.cs
  artifactKey: Guid(ebd1eafb93045ec4ca24c79d06f0b385) Importer(815301076,1909f56bfc062723c751e8b465ee728b)
Start importing Assets/Scripts/GameScript.cs using Guid(ebd1eafb93045ec4ca24c79d06f0b385) Importer(815301076,1909f56bfc062723c751e8b465ee728b)  -> (artifact id: '69f3cdea41136f5691b5c9a53d57f5dc') in 0.022653 seconds
  Import took 0.030406 seconds .

========================================================================
Received Prepare
Registering precompiled user dll's ...
Registered in 0.003783 seconds.
Begin MonoManager ReloadAssembly
Native extension for WindowsStandalone target not found
Refreshing native plugins compatible for Editor in 0.75 ms, found 3 plugins.
Preloading 0 native plugins for Editor in 0.00 ms.
Mono: successfully reloaded assembly
- Completed reload, in  1.327 seconds
Platform modules already initialized, skipping
Refreshing native plugins compatible for Editor in 0.51 ms, found 3 plugins.
Preloading 0 native plugins for Editor in 0.00 ms.
Unloading 2077 Unused Serialized files (Serialized files now loaded: 0)
System memory in use before: 92.9 MB.
System memory in use after: 92.9 MB.

Unloading 21 unused Assets to reduce memory usage. Loaded Objects now: 2531.
Total: 2.568400 ms (FindLiveObjects: 0.262300 ms CreateObjectMapping: 0.084900 ms MarkObjects: 2.083600 ms  DeleteObjects: 0.136100 ms)

========================================================================
Received Import Request.
  Time since last request: 13.308790 seconds.
  path: Assets/Scripts/ServerScript.cs
  artifactKey: Guid(caffc80efee26524c9922c41c69e1516) Importer(815301076,1909f56bfc062723c751e8b465ee728b)
Start importing Assets/Scripts/ServerScript.cs using Guid(caffc80efee26524c9922c41c69e1516) Importer(815301076,1909f56bfc062723c751e8b465ee728b)  -> (artifact id: '616ea6372546e1e3d249550c934060da') in 0.011281 seconds
  Import took 0.015286 seconds .

========================================================================
Received Prepare
Registering precompiled user dll's ...
Registered in 0.006215 seconds.
Begin MonoManager ReloadAssembly
Native extension for WindowsStandalone target not found
Refreshing native plugins compatible for Editor in 0.48 ms, found 3 plugins.
Preloading 0 native plugins for Editor in 0.00 ms.
Mono: successfully reloaded assembly
- Completed reload, in  0.975 seconds
Platform modules already initialized, skipping
Refreshing native plugins compatible for Editor in 0.64 ms, found 3 plugins.
Preloading 0 native plugins for Editor in 0.00 ms.
Unloading 2078 Unused Serialized files (Serialized files now loaded: 0)
System memory in use before: 92.9 MB.
System memory in use after: 92.9 MB.

Unloading 21 unused Assets to reduce memory usage. Loaded Objects now: 2536.
Total: 1.916400 ms (FindLiveObjects: 0.189900 ms CreateObjectMapping: 0.066200 ms MarkObjects: 1.572200 ms  DeleteObjects: 0.087100 ms)

========================================================================
Received Prepare
Registering precompiled user dll's ...
Registered in 0.003422 seconds.
Begin MonoManager ReloadAssembly
Native extension for WindowsStandalone target not found
Refreshing native plugins compatible for Editor in 0.46 ms, found 3 plugins.
Preloading 0 native plugins for Editor in 0.00 ms.
Mono: successfully reloaded assembly
- Completed reload, in  0.881 seconds
Platform modules already initialized, skipping
Refreshing native plugins compatible for Editor in 0.39 ms, found 3 plugins.
Preloading 0 native plugins for Editor in 0.00 ms.
Unloading 2079 Unused Serialized files (Serialized files now loaded: 0)
System memory in use before: 93.0 MB.
System memory in use after: 92.9 MB.

Unloading 21 unused Assets to reduce memory usage. Loaded Objects now: 2541.
Total: 1.907500 ms (FindLiveObjects: 0.183000 ms CreateObjectMapping: 0.065400 ms MarkObjects: 1.569500 ms  DeleteObjects: 0.088700 ms)

========================================================================
Received Import Request.
  Time since last request: 123.051261 seconds.
  path: Assets/Scripts/ClientScript.cs
  artifactKey: Guid(db96cb072e6d657488a5138f141cad81) Importer(815301076,1909f56bfc062723c751e8b465ee728b)
Start importing Assets/Scripts/ClientScript.cs using Guid(db96cb072e6d657488a5138f141cad81) Importer(815301076,1909f56bfc062723c751e8b465ee728b)  -> (artifact id: '6b3af3f1aba7a76d2b59e75063e8c585') in 0.007654 seconds
  Import took 0.016271 seconds .

========================================================================
Received Prepare
Registering precompiled user dll's ...
Registered in 0.003320 seconds.
Begin MonoManager ReloadAssembly
Native extension for WindowsStandalone target not found
Refreshing native plugins compatible for Editor in 0.39 ms, found 3 plugins.
Preloading 0 native plugins for Editor in 0.00 ms.
Mono: successfully reloaded assembly
- Completed reload, in  0.847 seconds
Platform modules already initialized, skipping
Refreshing native plugins compatible for Editor in 0.41 ms, found 3 plugins.
Preloading 0 native plugins for Editor in 0.00 ms.
Unloading 2079 Unused Serialized files (Serialized files now loaded: 0)
System memory in use before: 93.0 MB.
System memory in use after: 93.0 MB.

Unloading 21 unused Assets to reduce memory usage. Loaded Objects now: 2545.
Total: 2.057700 ms (FindLiveObjects: 0.171800 ms CreateObjectMapping: 0.053800 ms MarkObjects: 1.745900 ms  DeleteObjects: 0.085500 ms)

========================================================================
Received Import Request.
  Time since last request: 197.922577 seconds.
  path: Assets/Scripts/MenuScript.cs
  artifactKey: Guid(afe5dd2c8934d2a4fbd2a7cf4d28a35d) Importer(815301076,1909f56bfc062723c751e8b465ee728b)
Start importing Assets/Scripts/MenuScript.cs using Guid(afe5dd2c8934d2a4fbd2a7cf4d28a35d) Importer(815301076,1909f56bfc062723c751e8b465ee728b)  -> (artifact id: '18b3b5c5b6a20b15ff1d9d9cb36468c6') in 0.006584 seconds
  Import took 0.010834 seconds .

========================================================================
Received Import Request.
  Time since last request: 0.002059 seconds.
  path: Assets/Scripts/MenuScript.cs
  artifactKey: Guid(afe5dd2c8934d2a4fbd2a7cf4d28a35d) Importer(815301076,1909f56bfc062723c751e8b465ee728b)
Start importing Assets/Scripts/MenuScript.cs using Guid(afe5dd2c8934d2a4fbd2a7cf4d28a35d) Importer(815301076,1909f56bfc062723c751e8b465ee728b)  -> (artifact id: '18b3b5c5b6a20b15ff1d9d9cb36468c6') in 0.002662 seconds
  Import took 0.005532 seconds .

========================================================================
Received Prepare
Registering precompiled user dll's ...
Registered in 0.003335 seconds.
Begin MonoManager ReloadAssembly
Native extension for WindowsStandalone target not found
Refreshing native plugins compatible for Editor in 0.39 ms, found 3 plugins.
Preloading 0 native plugins for Editor in 0.00 ms.
Mono: successfully reloaded assembly
- Completed reload, in  0.874 seconds
Platform modules already initialized, skipping
Refreshing native plugins compatible for Editor in 0.42 ms, found 3 plugins.
Preloading 0 native plugins for Editor in 0.00 ms.
Unloading 2079 Unused Serialized files (Serialized files now loaded: 0)
System memory in use before: 93.0 MB.
System memory in use after: 93.0 MB.

Unloading 21 unused Assets to reduce memory usage. Loaded Objects now: 2549.
Total: 1.864900 ms (FindLiveObjects: 0.190800 ms CreateObjectMapping: 0.070100 ms MarkObjects: 1.513400 ms  DeleteObjects: 0.089800 ms)

========================================================================
Received Import Request.
  Time since last request: 793.080200 seconds.
  path: Assets/Scripts/GameScript.cs
  artifactKey: Guid(ebd1eafb93045ec4ca24c79d06f0b385) Importer(815301076,1909f56bfc062723c751e8b465ee728b)
Start importing Assets/Scripts/GameScript.cs using Guid(ebd1eafb93045ec4ca24c79d06f0b385) Importer(815301076,1909f56bfc062723c751e8b465ee728b)  -> (artifact id: 'ff13571db63a72b27ab3fedd701496cc') in 0.004450 seconds
  Import took 0.013238 seconds .

========================================================================
Received Prepare
Registering precompiled user dll's ...
Registered in 0.003326 seconds.
Begin MonoManager ReloadAssembly
Native extension for WindowsStandalone target not found
Refreshing native plugins compatible for Editor in 0.41 ms, found 3 plugins.
Preloading 0 native plugins for Editor in 0.00 ms.
Mono: successfully reloaded assembly
- Completed reload, in  0.873 seconds
Platform modules already initialized, skipping
Refreshing native plugins compatible for Editor in 0.38 ms, found 3 plugins.
Preloading 0 native plugins for Editor in 0.00 ms.
Unloading 2079 Unused Serialized files (Serialized files now loaded: 0)
System memory in use before: 93.0 MB.
System memory in use after: 93.0 MB.

Unloading 21 unused Assets to reduce memory usage. Loaded Objects now: 2553.
Total: 2.198900 ms (FindLiveObjects: 0.218100 ms CreateObjectMapping: 0.061200 ms MarkObjects: 1.819500 ms  DeleteObjects: 0.099100 ms)

========================================================================
Received Prepare
Registering precompiled user dll's ...
Registered in 0.004039 seconds.
Begin MonoManager ReloadAssembly
Native extension for WindowsStandalone target not found
Refreshing native plugins compatible for Editor in 0.47 ms, found 3 plugins.
Preloading 0 native plugins for Editor in 0.00 ms.
Mono: successfully reloaded assembly
- Completed reload, in  1.106 seconds
Platform modules already initialized, skipping
Refreshing native plugins compatible for Editor in 0.40 ms, found 3 plugins.
Preloading 0 native plugins for Editor in 0.00 ms.
Unloading 2079 Unused Serialized files (Serialized files now loaded: 0)
System memory in use before: 93.0 MB.
System memory in use after: 93.0 MB.

Unloading 21 unused Assets to reduce memory usage. Loaded Objects now: 2557.
Total: 1.945900 ms (FindLiveObjects: 0.208600 ms CreateObjectMapping: 0.065700 ms MarkObjects: 1.577500 ms  DeleteObjects: 0.093000 ms)

========================================================================
Received Prepare
Registering precompiled user dll's ...
Registered in 0.010839 seconds.
Begin MonoManager ReloadAssembly
Native extension for WindowsStandalone target not found
Refreshing native plugins compatible for Editor in 0.49 ms, found 3 plugins.
Preloading 0 native plugins for Editor in 0.00 ms.
Mono: successfully reloaded assembly
- Completed reload, in  0.943 seconds
Platform modules already initialized, skipping
Refreshing native plugins compatible for Editor in 0.38 ms, found 3 plugins.
Preloading 0 native plugins for Editor in 0.00 ms.
Unloading 2079 Unused Serialized files (Serialized files now loaded: 0)
System memory in use before: 93.0 MB.
System memory in use after: 93.0 MB.

Unloading 21 unused Assets to reduce memory usage. Loaded Objects now: 2561.
Total: 2.145200 ms (FindLiveObjects: 0.189600 ms CreateObjectMapping: 0.064900 ms MarkObjects: 1.702900 ms  DeleteObjects: 0.186900 ms)

========================================================================
Received Prepare
Registering precompiled user dll's ...
Registered in 0.003111 seconds.
Begin MonoManager ReloadAssembly
Native extension for WindowsStandalone target not found
Refreshing native plugins compatible for Editor in 0.41 ms, found 3 plugins.
Preloading 0 native plugins for Editor in 0.00 ms.
Mono: successfully reloaded assembly
- Completed reload, in  0.884 seconds
Platform modules already initialized, skipping
Refreshing native plugins compatible for Editor in 0.38 ms, found 3 plugins.
Preloading 0 native plugins for Editor in 0.00 ms.
Unloading 2079 Unused Serialized files (Serialized files now loaded: 0)
System memory in use before: 93.0 MB.
System memory in use after: 93.0 MB.

Unloading 21 unused Assets to reduce memory usage. Loaded Objects now: 2565.
Total: 2.010600 ms (FindLiveObjects: 0.172600 ms CreateObjectMapping: 0.059600 ms MarkObjects: 1.627700 ms  DeleteObjects: 0.149900 ms)

========================================================================
Received Prepare
Registering precompiled user dll's ...
Registered in 0.003338 seconds.
Begin MonoManager ReloadAssembly
Native extension for WindowsStandalone target not found
Refreshing native plugins compatible for Editor in 0.42 ms, found 3 plugins.
Preloading 0 native plugins for Editor in 0.00 ms.
Mono: successfully reloaded assembly
- Completed reload, in  0.902 seconds
Platform modules already initialized, skipping
Refreshing native plugins compatible for Editor in 0.39 ms, found 3 plugins.
Preloading 0 native plugins for Editor in 0.00 ms.
Unloading 2079 Unused Serialized files (Serialized files now loaded: 0)
System memory in use before: 93.0 MB.
System memory in use after: 93.0 MB.

Unloading 21 unused Assets to reduce memory usage. Loaded Objects now: 2569.
Total: 2.270900 ms (FindLiveObjects: 0.181400 ms CreateObjectMapping: 0.059400 ms MarkObjects: 1.824400 ms  DeleteObjects: 0.189700 ms)

